<?xml version="1.0" encoding="UTF-8"?>
<robot generator="Robot 7.1 (Python 3.11.9 on win32)" generated="2024-12-23T17:37:41.693570" rpa="false" schemaversion="5">
<suite id="s1" name="testCases" source="C:\projetosRobot\desafioRobotBuilders\tests\api\testCases.robot">
<test id="s1-t1" name="Cenário 01: Validar o logradouro que a API retorna" line="9">
<kw name="Dado que tenho um cep válido" owner="keywords">
<kw name="Set Global Variable" owner="BuiltIn">
<msg time="2024-12-23T17:37:42.007161" level="INFO">${cepValido} = 69084-470</msg>
<arg>${cepValido}</arg>
<arg>69084-470</arg>
<doc>Makes a variable available globally in all tests and suites.</doc>
<status status="PASS" start="2024-12-23T17:37:42.006124" elapsed="0.001037"/>
</kw>
<status status="PASS" start="2024-12-23T17:37:42.006124" elapsed="0.001037"/>
</kw>
<kw name="Quando faço uma requisição GET para a API de CEP" owner="keywords">
<kw name="Create Session" owner="RequestsLibrary">
<msg time="2024-12-23T17:37:42.007161" level="INFO">Creating Session using : alias=CEP, url=https://viacep.com.br/ws/, headers={},                     cookies={}, auth=None, timeout=None, proxies=None, verify=False,                     debug=0 </msg>
<arg>CEP</arg>
<arg>https://viacep.com.br/ws/</arg>
<doc>Create Session: create a HTTP session to a server</doc>
<status status="PASS" start="2024-12-23T17:37:42.007161" elapsed="0.001001"/>
</kw>
<kw name="GET On Session" owner="RequestsLibrary">
<msg time="2024-12-23T17:37:42.429132" level="INFO">GET Request : url=https://viacep.com.br/ws/69084-470/json 
 path_url=/ws/69084-470/json 
 headers={'User-Agent': 'python-requests/2.32.3', 'Accept-Encoding': 'gzip, deflate', 'Accept': '*/*', 'Connection': 'keep-alive'} 
 body=None 
 </msg>
<msg time="2024-12-23T17:37:42.429132" level="INFO">GET Response : url=https://viacep.com.br/ws/69084-470/json 
 status=200, reason=OK 
 headers={'Server': 'nginx/1.22.0', 'Date': 'Mon, 23 Dec 2024 20:38:24 GMT', 'Content-Type': 'application/json; charset=utf-8', 'Transfer-Encoding': 'chunked', 'Connection': 'keep-alive', 'Expires': 'Mon, 23 Dec 2024 21:38:24 GMT', 'Cache-Control': 'max-age=3600, public', 'Pragma': 'public', 'Access-Control-Allow-Origin': '*', 'Access-Control-Allow-Methods': 'GET', 'Access-Control-Allow-Headers': 'Content-Type, X-Request-With, X-Requested-By', 'Access-Control-Allow-Credentials': 'true', 'Access-Control-Max-Age': '86400'} 
 body={
  "cep": "69084-470",
  "logradouro": "Rua Cacatua",
  "complemento": "",
  "unidade": "",
  "bairro": "Zumbi dos Palmares",
  "localidade": "Manaus",
  "uf": "AM",
  "estado": "Amazonas",
  "regiao": "Norte",
  "ibge": "1302603",
  "gia": "",
  "ddd": "92",
  "siafi": "0255"
} 
 </msg>
<msg time="2024-12-23T17:37:42.429132" level="INFO">C:\Users\Berg\AppData\Local\Programs\Python\Python311\Lib\site-packages\urllib3\connectionpool.py:1099: InsecureRequestWarning: Unverified HTTPS request is being made to host 'viacep.com.br'. Adding certificate verification is strongly advised. See: https://urllib3.readthedocs.io/en/latest/advanced-usage.html#tls-warnings
  warnings.warn(</msg>
<msg time="2024-12-23T17:37:42.430347" level="INFO">${response} = &lt;Response [200]&gt;</msg>
<var>${response}</var>
<arg>CEP</arg>
<arg>/${cepValido}/json</arg>
<doc>Sends a GET request on a previously created HTTP Session.</doc>
<status status="PASS" start="2024-12-23T17:37:42.008162" elapsed="0.422185"/>
</kw>
<kw name="Convert To Dictionary" owner="Collections">
<msg time="2024-12-23T17:37:42.430858" level="INFO">${response} = {'cep': '69084-470', 'logradouro': 'Rua Cacatua', 'complemento': '', 'unidade': '', 'bairro': 'Zumbi dos Palmares', 'localidade': 'Manaus', 'uf': 'AM', 'estado': 'Amazonas', 'regiao': 'Norte', 'ibge':...</msg>
<var>${response}</var>
<arg>${response.json()}</arg>
<doc>Converts the given ``item`` to a Python ``dict`` type.</doc>
<status status="PASS" start="2024-12-23T17:37:42.430347" elapsed="0.000511"/>
</kw>
<kw name="Set Global Variable" owner="BuiltIn">
<msg time="2024-12-23T17:37:42.430858" level="INFO">${response} = {'cep': '69084-470', 'logradouro': 'Rua Cacatua', 'complemento': '', 'unidade': '', 'bairro': 'Zumbi dos Palmares', 'localidade': 'Manaus', 'uf': 'AM', 'estado': 'Amazonas', 'regiao': 'Norte', 'ibge':...</msg>
<arg>${response}</arg>
<doc>Makes a variable available globally in all tests and suites.</doc>
<status status="PASS" start="2024-12-23T17:37:42.430858" elapsed="0.000000"/>
</kw>
<status status="PASS" start="2024-12-23T17:37:42.007161" elapsed="0.423697"/>
</kw>
<kw name="Então o logradouro da resposta deve ser &quot;Rua Cacatua&quot;" owner="keywords">
<kw name="Get From Dictionary" owner="Collections">
<msg time="2024-12-23T17:37:42.431868" level="INFO">${logradouro} = Rua Cacatua</msg>
<var>${logradouro}</var>
<arg>${response}</arg>
<arg>logradouro</arg>
<doc>Returns a value from the given ``dictionary`` based on the given ``key``.</doc>
<status status="PASS" start="2024-12-23T17:37:42.430858" elapsed="0.001010"/>
</kw>
<kw name="Should Be Equal As Strings" owner="BuiltIn">
<arg>${logradouro}</arg>
<arg>Rua Cacatua</arg>
<doc>Fails if objects are unequal after converting them to strings.</doc>
<status status="PASS" start="2024-12-23T17:37:42.431868" elapsed="0.000000"/>
</kw>
<status status="PASS" start="2024-12-23T17:37:42.430858" elapsed="0.001010"/>
</kw>
<status status="PASS" start="2024-12-23T17:37:42.005124" elapsed="0.426744"/>
</test>
<test id="s1-t2" name="Cenário 02: Validar o DDD que a API retorna" line="14">
<kw name="Dado que tenho um cep válido" owner="keywords">
<kw name="Set Global Variable" owner="BuiltIn">
<msg time="2024-12-23T17:37:42.432868" level="INFO">${cepValido} = 69084-470</msg>
<arg>${cepValido}</arg>
<arg>69084-470</arg>
<doc>Makes a variable available globally in all tests and suites.</doc>
<status status="PASS" start="2024-12-23T17:37:42.432868" elapsed="0.000000"/>
</kw>
<status status="PASS" start="2024-12-23T17:37:42.431868" elapsed="0.001000"/>
</kw>
<kw name="Quando faço uma requisição GET para a API de CEP" owner="keywords">
<kw name="Create Session" owner="RequestsLibrary">
<msg time="2024-12-23T17:37:42.432868" level="INFO">Creating Session using : alias=CEP, url=https://viacep.com.br/ws/, headers={},                     cookies={}, auth=None, timeout=None, proxies=None, verify=False,                     debug=0 </msg>
<arg>CEP</arg>
<arg>https://viacep.com.br/ws/</arg>
<doc>Create Session: create a HTTP session to a server</doc>
<status status="PASS" start="2024-12-23T17:37:42.432868" elapsed="0.000000"/>
</kw>
<kw name="GET On Session" owner="RequestsLibrary">
<msg time="2024-12-23T17:37:42.846903" level="INFO">GET Request : url=https://viacep.com.br/ws/69084-470/json 
 path_url=/ws/69084-470/json 
 headers={'User-Agent': 'python-requests/2.32.3', 'Accept-Encoding': 'gzip, deflate', 'Accept': '*/*', 'Connection': 'keep-alive'} 
 body=None 
 </msg>
<msg time="2024-12-23T17:37:42.846903" level="INFO">GET Response : url=https://viacep.com.br/ws/69084-470/json 
 status=200, reason=OK 
 headers={'Server': 'nginx/1.22.0', 'Date': 'Mon, 23 Dec 2024 20:38:24 GMT', 'Content-Type': 'application/json; charset=utf-8', 'Transfer-Encoding': 'chunked', 'Connection': 'keep-alive', 'Expires': 'Mon, 23 Dec 2024 21:38:24 GMT', 'Cache-Control': 'max-age=3600, public', 'Pragma': 'public', 'Access-Control-Allow-Origin': '*', 'Access-Control-Allow-Methods': 'GET', 'Access-Control-Allow-Headers': 'Content-Type, X-Request-With, X-Requested-By', 'Access-Control-Allow-Credentials': 'true', 'Access-Control-Max-Age': '86400'} 
 body={
  "cep": "69084-470",
  "logradouro": "Rua Cacatua",
  "complemento": "",
  "unidade": "",
  "bairro": "Zumbi dos Palmares",
  "localidade": "Manaus",
  "uf": "AM",
  "estado": "Amazonas",
  "regiao": "Norte",
  "ibge": "1302603",
  "gia": "",
  "ddd": "92",
  "siafi": "0255"
} 
 </msg>
<msg time="2024-12-23T17:37:42.846903" level="INFO">C:\Users\Berg\AppData\Local\Programs\Python\Python311\Lib\site-packages\urllib3\connectionpool.py:1099: InsecureRequestWarning: Unverified HTTPS request is being made to host 'viacep.com.br'. Adding certificate verification is strongly advised. See: https://urllib3.readthedocs.io/en/latest/advanced-usage.html#tls-warnings
  warnings.warn(</msg>
<msg time="2024-12-23T17:37:42.847903" level="INFO">${response} = &lt;Response [200]&gt;</msg>
<var>${response}</var>
<arg>CEP</arg>
<arg>/${cepValido}/json</arg>
<doc>Sends a GET request on a previously created HTTP Session.</doc>
<status status="PASS" start="2024-12-23T17:37:42.432868" elapsed="0.415035"/>
</kw>
<kw name="Convert To Dictionary" owner="Collections">
<msg time="2024-12-23T17:37:42.847903" level="INFO">${response} = {'cep': '69084-470', 'logradouro': 'Rua Cacatua', 'complemento': '', 'unidade': '', 'bairro': 'Zumbi dos Palmares', 'localidade': 'Manaus', 'uf': 'AM', 'estado': 'Amazonas', 'regiao': 'Norte', 'ibge':...</msg>
<var>${response}</var>
<arg>${response.json()}</arg>
<doc>Converts the given ``item`` to a Python ``dict`` type.</doc>
<status status="PASS" start="2024-12-23T17:37:42.847903" elapsed="0.000000"/>
</kw>
<kw name="Set Global Variable" owner="BuiltIn">
<msg time="2024-12-23T17:37:42.847903" level="INFO">${response} = {'cep': '69084-470', 'logradouro': 'Rua Cacatua', 'complemento': '', 'unidade': '', 'bairro': 'Zumbi dos Palmares', 'localidade': 'Manaus', 'uf': 'AM', 'estado': 'Amazonas', 'regiao': 'Norte', 'ibge':...</msg>
<arg>${response}</arg>
<doc>Makes a variable available globally in all tests and suites.</doc>
<status status="PASS" start="2024-12-23T17:37:42.847903" elapsed="0.000000"/>
</kw>
<status status="PASS" start="2024-12-23T17:37:42.432868" elapsed="0.415035"/>
</kw>
<kw name="Então o DDD da resposta deve ser &quot;92&quot;" owner="keywords">
<kw name="Get From Dictionary" owner="Collections">
<msg time="2024-12-23T17:37:42.848904" level="INFO">${ddd} = 92</msg>
<var>${ddd}</var>
<arg>${response}</arg>
<arg>ddd</arg>
<doc>Returns a value from the given ``dictionary`` based on the given ``key``.</doc>
<status status="PASS" start="2024-12-23T17:37:42.848904" elapsed="0.000000"/>
</kw>
<kw name="Should Be Equal As Strings" owner="BuiltIn">
<arg>${ddd}</arg>
<arg>92</arg>
<doc>Fails if objects are unequal after converting them to strings.</doc>
<status status="PASS" start="2024-12-23T17:37:42.848904" elapsed="0.000000"/>
</kw>
<status status="PASS" start="2024-12-23T17:37:42.848904" elapsed="0.000000"/>
</kw>
<status status="PASS" start="2024-12-23T17:37:42.431868" elapsed="0.417036"/>
</test>
<status status="PASS" start="2024-12-23T17:37:41.694571" elapsed="1.155333"/>
</suite>
<statistics>
<total>
<stat pass="2" fail="0" skip="0">All Tests</stat>
</total>
<tag>
</tag>
<suite>
<stat pass="2" fail="0" skip="0" id="s1" name="testCases">testCases</stat>
</suite>
</statistics>
<errors>
</errors>
</robot>
